{"D:\\study\\TT\\iphoneCalculator\\App.js": {"path":"D:\\study\\TT\\iphoneCalculator\\App.js","statementMap":{"0":{"start":{"line":4,"column":12},"end":{"line":8,"column":1}},"1":{"start":{"line":5,"column":2},"end":{"line":7,"column":4}}},"fnMap":{"0":{"name":"(anonymous_0)","decl":{"start":{"line":4,"column":12},"end":{"line":4,"column":13}},"loc":{"start":{"line":4,"column":18},"end":{"line":8,"column":1}},"line":4}},"branchMap":{},"s":{"0":0,"1":0},"f":{"0":0},"b":{}}
,"D:\\study\\TT\\iphoneCalculator\\app\\components\\Button.js": {"path":"D:\\study\\TT\\iphoneCalculator\\app\\components\\Button.js","statementMap":{"0":{"start":{"line":5,"column":31},"end":{"line":15,"column":3}},"1":{"start":{"line":6,"column":4},"end":{"line":8,"column":5}},"2":{"start":{"line":7,"column":6},"end":{"line":7,"column":36}},"3":{"start":{"line":9,"column":4},"end":{"line":11,"column":5}},"4":{"start":{"line":10,"column":6},"end":{"line":10,"column":65}},"5":{"start":{"line":12,"column":4},"end":{"line":14,"column":5}},"6":{"start":{"line":13,"column":6},"end":{"line":13,"column":34}},"7":{"start":{"line":17,"column":2},"end":{"line":24,"column":4}},"8":{"start":{"line":27,"column":15},"end":{"line":49,"column":2}}},"fnMap":{"0":{"name":"Button","decl":{"start":{"line":4,"column":9},"end":{"line":4,"column":15}},"loc":{"start":{"line":4,"column":43},"end":{"line":25,"column":1}},"line":4},"1":{"name":"(anonymous_1)","decl":{"start":{"line":5,"column":31},"end":{"line":5,"column":32}},"loc":{"start":{"line":5,"column":48},"end":{"line":15,"column":3}},"line":5}},"branchMap":{"0":{"loc":{"start":{"line":6,"column":4},"end":{"line":8,"column":5}},"type":"if","locations":[{"start":{"line":6,"column":4},"end":{"line":8,"column":5}},{"start":{"line":6,"column":4},"end":{"line":8,"column":5}}],"line":6},"1":{"loc":{"start":{"line":9,"column":4},"end":{"line":11,"column":5}},"type":"if","locations":[{"start":{"line":9,"column":4},"end":{"line":11,"column":5}},{"start":{"line":9,"column":4},"end":{"line":11,"column":5}}],"line":9},"2":{"loc":{"start":{"line":12,"column":4},"end":{"line":14,"column":5}},"type":"if","locations":[{"start":{"line":12,"column":4},"end":{"line":14,"column":5}},{"start":{"line":12,"column":4},"end":{"line":14,"column":5}}],"line":12}},"s":{"0":24,"1":24,"2":6,"3":18,"4":1,"5":17,"6":3,"7":24,"8":1},"f":{"0":24,"1":24},"b":{"0":[6,18],"1":[1,17],"2":[3,14]},"_coverageSchema":"1a1c01bbd47fc00a2c39e90264f33305004495a9","hash":"c33c34e769f3d1f21297f85c7fb9f8f7b54e64c0"}
,"D:\\study\\TT\\iphoneCalculator\\app\\screens\\MainScreen.js": {"path":"D:\\study\\TT\\iphoneCalculator\\app\\screens\\MainScreen.js","statementMap":{"0":{"start":{"line":6,"column":16},"end":{"line":13,"column":1}},"1":{"start":{"line":16,"column":40},"end":{"line":16,"column":53}},"2":{"start":{"line":17,"column":36},"end":{"line":17,"column":55}},"3":{"start":{"line":18,"column":42},"end":{"line":18,"column":57}},"4":{"start":{"line":19,"column":38},"end":{"line":19,"column":50}},"5":{"start":{"line":21,"column":24},"end":{"line":37,"column":3}},"6":{"start":{"line":22,"column":21},"end":{"line":34,"column":6}},"7":{"start":{"line":23,"column":17},"end":{"line":31,"column":8}},"8":{"start":{"line":24,"column":8},"end":{"line":30,"column":9}},"9":{"start":{"line":33,"column":6},"end":{"line":33,"column":77}},"10":{"start":{"line":36,"column":4},"end":{"line":36,"column":22}},"11":{"start":{"line":39,"column":27},"end":{"line":113,"column":5}},"12":{"start":{"line":40,"column":4},"end":{"line":112,"column":7}},"13":{"start":{"line":51,"column":8},"end":{"line":53,"column":9}},"14":{"start":{"line":52,"column":10},"end":{"line":52,"column":16}},"15":{"start":{"line":54,"column":8},"end":{"line":56,"column":9}},"16":{"start":{"line":55,"column":10},"end":{"line":55,"column":16}},"17":{"start":{"line":57,"column":8},"end":{"line":59,"column":9}},"18":{"start":{"line":58,"column":10},"end":{"line":58,"column":29}},"19":{"start":{"line":60,"column":8},"end":{"line":60,"column":89}},"20":{"start":{"line":60,"column":32},"end":{"line":60,"column":87}},"21":{"start":{"line":61,"column":8},"end":{"line":61,"column":88}},"22":{"start":{"line":61,"column":31},"end":{"line":61,"column":86}},"23":{"start":{"line":62,"column":8},"end":{"line":62,"column":14}},"24":{"start":{"line":64,"column":10},"end":{"line":64,"column":30}},"25":{"start":{"line":65,"column":10},"end":{"line":65,"column":34}},"26":{"start":{"line":66,"column":10},"end":{"line":66,"column":28}},"27":{"start":{"line":67,"column":10},"end":{"line":67,"column":33}},"28":{"start":{"line":68,"column":10},"end":{"line":68,"column":16}},"29":{"start":{"line":73,"column":10},"end":{"line":73,"column":33}},"30":{"start":{"line":74,"column":34},"end":{"line":74,"column":105}},"31":{"start":{"line":75,"column":10},"end":{"line":81,"column":11}},"32":{"start":{"line":76,"column":22},"end":{"line":76,"column":80}},"33":{"start":{"line":77,"column":12},"end":{"line":77,"column":30}},"34":{"start":{"line":78,"column":12},"end":{"line":78,"column":32}},"35":{"start":{"line":79,"column":12},"end":{"line":79,"column":49}},"36":{"start":{"line":80,"column":12},"end":{"line":80,"column":18}},"37":{"start":{"line":82,"column":10},"end":{"line":84,"column":11}},"38":{"start":{"line":83,"column":12},"end":{"line":83,"column":56}},"39":{"start":{"line":85,"column":10},"end":{"line":87,"column":11}},"40":{"start":{"line":86,"column":12},"end":{"line":86,"column":94}},"41":{"start":{"line":86,"column":35},"end":{"line":86,"column":92}},"42":{"start":{"line":88,"column":10},"end":{"line":88,"column":16}},"43":{"start":{"line":90,"column":10},"end":{"line":93,"column":11}},"44":{"start":{"line":91,"column":12},"end":{"line":91,"column":34}},"45":{"start":{"line":92,"column":12},"end":{"line":92,"column":18}},"46":{"start":{"line":94,"column":10},"end":{"line":94,"column":81}},"47":{"start":{"line":95,"column":10},"end":{"line":95,"column":77}},"48":{"start":{"line":96,"column":10},"end":{"line":96,"column":16}},"49":{"start":{"line":98,"column":10},"end":{"line":100,"column":11}},"50":{"start":{"line":99,"column":12},"end":{"line":99,"column":18}},"51":{"start":{"line":101,"column":10},"end":{"line":109,"column":11}},"52":{"start":{"line":102,"column":22},"end":{"line":102,"column":67}},"53":{"start":{"line":104,"column":12},"end":{"line":106,"column":13}},"54":{"start":{"line":105,"column":14},"end":{"line":105,"column":43}},"55":{"start":{"line":107,"column":12},"end":{"line":107,"column":32}},"56":{"start":{"line":108,"column":12},"end":{"line":108,"column":31}},"57":{"start":{"line":110,"column":10},"end":{"line":110,"column":33}},"58":{"start":{"line":111,"column":10},"end":{"line":111,"column":16}},"59":{"start":{"line":115,"column":4},"end":{"line":125,"column":6}},"60":{"start":{"line":128,"column":17},"end":{"line":152,"column":4}}},"fnMap":{"0":{"name":"MainScreen","decl":{"start":{"line":15,"column":9},"end":{"line":15,"column":19}},"loc":{"start":{"line":15,"column":22},"end":{"line":126,"column":3}},"line":15},"1":{"name":"(anonymous_1)","decl":{"start":{"line":21,"column":24},"end":{"line":21,"column":25}},"loc":{"start":{"line":21,"column":30},"end":{"line":37,"column":3}},"line":21},"2":{"name":"(anonymous_2)","decl":{"start":{"line":22,"column":33},"end":{"line":22,"column":34}},"loc":{"start":{"line":22,"column":57},"end":{"line":34,"column":5}},"line":22},"3":{"name":"(anonymous_3)","decl":{"start":{"line":23,"column":33},"end":{"line":23,"column":34}},"loc":{"start":{"line":23,"column":62},"end":{"line":31,"column":7}},"line":23},"4":{"name":"(anonymous_4)","decl":{"start":{"line":39,"column":27},"end":{"line":39,"column":28}},"loc":{"start":{"line":39,"column":44},"end":{"line":113,"column":5}},"line":39},"5":{"name":"(anonymous_5)","decl":{"start":{"line":60,"column":23},"end":{"line":60,"column":24}},"loc":{"start":{"line":60,"column":32},"end":{"line":60,"column":87}},"line":60},"6":{"name":"(anonymous_6)","decl":{"start":{"line":61,"column":22},"end":{"line":61,"column":23}},"loc":{"start":{"line":61,"column":31},"end":{"line":61,"column":86}},"line":61},"7":{"name":"(anonymous_7)","decl":{"start":{"line":86,"column":26},"end":{"line":86,"column":27}},"loc":{"start":{"line":86,"column":35},"end":{"line":86,"column":92}},"line":86}},"branchMap":{"0":{"loc":{"start":{"line":40,"column":4},"end":{"line":112,"column":7}},"type":"switch","locations":[{"start":{"line":41,"column":6},"end":{"line":41,"column":15}},{"start":{"line":42,"column":6},"end":{"line":42,"column":15}},{"start":{"line":43,"column":6},"end":{"line":43,"column":15}},{"start":{"line":44,"column":6},"end":{"line":44,"column":15}},{"start":{"line":45,"column":6},"end":{"line":45,"column":15}},{"start":{"line":46,"column":6},"end":{"line":46,"column":15}},{"start":{"line":47,"column":6},"end":{"line":47,"column":15}},{"start":{"line":48,"column":6},"end":{"line":48,"column":15}},{"start":{"line":49,"column":6},"end":{"line":49,"column":15}},{"start":{"line":50,"column":6},"end":{"line":62,"column":14}},{"start":{"line":63,"column":8},"end":{"line":68,"column":16}},{"start":{"line":69,"column":8},"end":{"line":69,"column":17}},{"start":{"line":70,"column":8},"end":{"line":70,"column":17}},{"start":{"line":71,"column":8},"end":{"line":71,"column":17}},{"start":{"line":72,"column":8},"end":{"line":88,"column":16}},{"start":{"line":89,"column":8},"end":{"line":96,"column":16}},{"start":{"line":97,"column":8},"end":{"line":111,"column":16}}],"line":40},"1":{"loc":{"start":{"line":51,"column":8},"end":{"line":53,"column":9}},"type":"if","locations":[{"start":{"line":51,"column":8},"end":{"line":53,"column":9}},{"start":{"line":51,"column":8},"end":{"line":53,"column":9}}],"line":51},"2":{"loc":{"start":{"line":51,"column":11},"end":{"line":51,"column":87}},"type":"binary-expr","locations":[{"start":{"line":51,"column":11},"end":{"line":51,"column":35}},{"start":{"line":51,"column":39},"end":{"line":51,"column":63}},{"start":{"line":51,"column":67},"end":{"line":51,"column":87}}],"line":51},"3":{"loc":{"start":{"line":54,"column":8},"end":{"line":56,"column":9}},"type":"if","locations":[{"start":{"line":54,"column":8},"end":{"line":56,"column":9}},{"start":{"line":54,"column":8},"end":{"line":56,"column":9}}],"line":54},"4":{"loc":{"start":{"line":54,"column":11},"end":{"line":54,"column":69}},"type":"binary-expr","locations":[{"start":{"line":54,"column":11},"end":{"line":54,"column":41}},{"start":{"line":54,"column":45},"end":{"line":54,"column":69}}],"line":54},"5":{"loc":{"start":{"line":57,"column":8},"end":{"line":59,"column":9}},"type":"if","locations":[{"start":{"line":57,"column":8},"end":{"line":59,"column":9}},{"start":{"line":57,"column":8},"end":{"line":59,"column":9}}],"line":57},"6":{"loc":{"start":{"line":60,"column":32},"end":{"line":60,"column":87}},"type":"cond-expr","locations":[{"start":{"line":60,"column":52},"end":{"line":60,"column":63}},{"start":{"line":60,"column":66},"end":{"line":60,"column":87}}],"line":60},"7":{"loc":{"start":{"line":61,"column":31},"end":{"line":61,"column":86}},"type":"cond-expr","locations":[{"start":{"line":61,"column":51},"end":{"line":61,"column":62}},{"start":{"line":61,"column":65},"end":{"line":61,"column":86}}],"line":61},"8":{"loc":{"start":{"line":74,"column":34},"end":{"line":74,"column":105}},"type":"cond-expr","locations":[{"start":{"line":74,"column":58},"end":{"line":74,"column":61}},{"start":{"line":74,"column":64},"end":{"line":74,"column":105}}],"line":74},"9":{"loc":{"start":{"line":74,"column":64},"end":{"line":74,"column":105}},"type":"cond-expr","locations":[{"start":{"line":74,"column":88},"end":{"line":74,"column":91}},{"start":{"line":74,"column":94},"end":{"line":74,"column":105}}],"line":74},"10":{"loc":{"start":{"line":75,"column":10},"end":{"line":81,"column":11}},"type":"if","locations":[{"start":{"line":75,"column":10},"end":{"line":81,"column":11}},{"start":{"line":75,"column":10},"end":{"line":81,"column":11}}],"line":75},"11":{"loc":{"start":{"line":82,"column":10},"end":{"line":84,"column":11}},"type":"if","locations":[{"start":{"line":82,"column":10},"end":{"line":84,"column":11}},{"start":{"line":82,"column":10},"end":{"line":84,"column":11}}],"line":82},"12":{"loc":{"start":{"line":85,"column":10},"end":{"line":87,"column":11}},"type":"if","locations":[{"start":{"line":85,"column":10},"end":{"line":87,"column":11}},{"start":{"line":85,"column":10},"end":{"line":87,"column":11}}],"line":85},"13":{"loc":{"start":{"line":90,"column":10},"end":{"line":93,"column":11}},"type":"if","locations":[{"start":{"line":90,"column":10},"end":{"line":93,"column":11}},{"start":{"line":90,"column":10},"end":{"line":93,"column":11}}],"line":90},"14":{"loc":{"start":{"line":90,"column":13},"end":{"line":90,"column":55}},"type":"binary-expr","locations":[{"start":{"line":90,"column":13},"end":{"line":90,"column":38}},{"start":{"line":90,"column":42},"end":{"line":90,"column":55}}],"line":90},"15":{"loc":{"start":{"line":94,"column":25},"end":{"line":94,"column":79}},"type":"cond-expr","locations":[{"start":{"line":94,"column":40},"end":{"line":94,"column":51}},{"start":{"line":94,"column":54},"end":{"line":94,"column":79}}],"line":94},"16":{"loc":{"start":{"line":95,"column":24},"end":{"line":95,"column":76}},"type":"cond-expr","locations":[{"start":{"line":95,"column":39},"end":{"line":95,"column":49}},{"start":{"line":95,"column":52},"end":{"line":95,"column":76}}],"line":95},"17":{"loc":{"start":{"line":98,"column":10},"end":{"line":100,"column":11}},"type":"if","locations":[{"start":{"line":98,"column":10},"end":{"line":100,"column":11}},{"start":{"line":98,"column":10},"end":{"line":100,"column":11}}],"line":98},"18":{"loc":{"start":{"line":98,"column":13},"end":{"line":98,"column":69}},"type":"binary-expr","locations":[{"start":{"line":98,"column":13},"end":{"line":98,"column":47}},{"start":{"line":98,"column":51},"end":{"line":98,"column":69}}],"line":98},"19":{"loc":{"start":{"line":101,"column":10},"end":{"line":109,"column":11}},"type":"if","locations":[{"start":{"line":101,"column":10},"end":{"line":109,"column":11}},{"start":{"line":101,"column":10},"end":{"line":109,"column":11}}],"line":101},"20":{"loc":{"start":{"line":101,"column":13},"end":{"line":101,"column":82}},"type":"binary-expr","locations":[{"start":{"line":101,"column":13},"end":{"line":101,"column":56}},{"start":{"line":101,"column":60},"end":{"line":101,"column":82}}],"line":101},"21":{"loc":{"start":{"line":104,"column":12},"end":{"line":106,"column":13}},"type":"if","locations":[{"start":{"line":104,"column":12},"end":{"line":106,"column":13}},{"start":{"line":104,"column":12},"end":{"line":106,"column":13}}],"line":104}},"s":{"0":1,"1":1,"2":1,"3":1,"4":1,"5":1,"6":1,"7":6,"8":23,"9":6,"10":1,"11":1,"12":0,"13":0,"14":0,"15":0,"16":0,"17":0,"18":0,"19":0,"20":0,"21":0,"22":0,"23":0,"24":0,"25":0,"26":0,"27":0,"28":0,"29":0,"30":0,"31":0,"32":0,"33":0,"34":0,"35":0,"36":0,"37":0,"38":0,"39":0,"40":0,"41":0,"42":0,"43":0,"44":0,"45":0,"46":0,"47":0,"48":0,"49":0,"50":0,"51":0,"52":0,"53":0,"54":0,"55":0,"56":0,"57":0,"58":0,"59":1,"60":1},"f":{"0":1,"1":1,"2":6,"3":23,"4":0,"5":0,"6":0,"7":0},"b":{"0":[0,0,0,0,0,0,0,0,0,0,0,0,0,0,0,0,0],"1":[0,0],"2":[0,0,0],"3":[0,0],"4":[0,0],"5":[0,0],"6":[0,0],"7":[0,0],"8":[0,0],"9":[0,0],"10":[0,0],"11":[0,0],"12":[0,0],"13":[0,0],"14":[0,0],"15":[0,0],"16":[0,0],"17":[0,0],"18":[0,0],"19":[0,0],"20":[0,0],"21":[0,0]},"_coverageSchema":"1a1c01bbd47fc00a2c39e90264f33305004495a9","hash":"61e9a65525bf0c8cedba00dde4ddcc80ae80eb10"}
}
