TN:
SF:App.js
FN:4,(anonymous_0)
FNF:1
FNH:0
FNDA:0,(anonymous_0)
DA:4,0
DA:5,0
LF:2
LH:0
BRF:0
BRH:0
end_of_record
TN:
SF:app\components\Button.js
FN:4,Button
FN:5,(anonymous_1)
FNF:2
FNH:2
FNDA:24,Button
FNDA:24,(anonymous_1)
DA:5,24
DA:6,24
DA:7,6
DA:9,18
DA:10,1
DA:12,17
DA:13,3
DA:17,24
DA:27,1
LF:9
LH:9
BRDA:6,0,0,6
BRDA:6,0,1,18
BRDA:9,1,0,1
BRDA:9,1,1,17
BRDA:12,2,0,3
BRDA:12,2,1,14
BRF:6
BRH:6
end_of_record
TN:
SF:app\screens\MainScreen.js
FN:15,MainScreen
FN:21,(anonymous_1)
FN:22,(anonymous_2)
FN:23,(anonymous_3)
FN:39,(anonymous_4)
FN:60,(anonymous_5)
FN:61,(anonymous_6)
FN:86,(anonymous_7)
FNF:8
FNH:4
FNDA:1,MainScreen
FNDA:1,(anonymous_1)
FNDA:6,(anonymous_2)
FNDA:23,(anonymous_3)
FNDA:0,(anonymous_4)
FNDA:0,(anonymous_5)
FNDA:0,(anonymous_6)
FNDA:0,(anonymous_7)
DA:6,1
DA:16,1
DA:17,1
DA:18,1
DA:19,1
DA:21,1
DA:22,1
DA:23,6
DA:24,23
DA:33,6
DA:36,1
DA:39,1
DA:40,0
DA:51,0
DA:52,0
DA:54,0
DA:55,0
DA:57,0
DA:58,0
DA:60,0
DA:61,0
DA:62,0
DA:64,0
DA:65,0
DA:66,0
DA:67,0
DA:68,0
DA:73,0
DA:74,0
DA:75,0
DA:76,0
DA:77,0
DA:78,0
DA:79,0
DA:80,0
DA:82,0
DA:83,0
DA:85,0
DA:86,0
DA:88,0
DA:90,0
DA:91,0
DA:92,0
DA:94,0
DA:95,0
DA:96,0
DA:98,0
DA:99,0
DA:101,0
DA:102,0
DA:104,0
DA:105,0
DA:107,0
DA:108,0
DA:110,0
DA:111,0
DA:115,1
DA:128,1
LF:58
LH:14
BRDA:40,0,0,0
BRDA:40,0,1,0
BRDA:40,0,2,0
BRDA:40,0,3,0
BRDA:40,0,4,0
BRDA:40,0,5,0
BRDA:40,0,6,0
BRDA:40,0,7,0
BRDA:40,0,8,0
BRDA:40,0,9,0
BRDA:40,0,10,0
BRDA:40,0,11,0
BRDA:40,0,12,0
BRDA:40,0,13,0
BRDA:40,0,14,0
BRDA:40,0,15,0
BRDA:40,0,16,0
BRDA:51,1,0,0
BRDA:51,1,1,0
BRDA:51,2,0,0
BRDA:51,2,1,0
BRDA:51,2,2,0
BRDA:54,3,0,0
BRDA:54,3,1,0
BRDA:54,4,0,0
BRDA:54,4,1,0
BRDA:57,5,0,0
BRDA:57,5,1,0
BRDA:60,6,0,0
BRDA:60,6,1,0
BRDA:61,7,0,0
BRDA:61,7,1,0
BRDA:74,8,0,0
BRDA:74,8,1,0
BRDA:74,9,0,0
BRDA:74,9,1,0
BRDA:75,10,0,0
BRDA:75,10,1,0
BRDA:82,11,0,0
BRDA:82,11,1,0
BRDA:85,12,0,0
BRDA:85,12,1,0
BRDA:90,13,0,0
BRDA:90,13,1,0
BRDA:90,14,0,0
BRDA:90,14,1,0
BRDA:94,15,0,0
BRDA:94,15,1,0
BRDA:95,16,0,0
BRDA:95,16,1,0
BRDA:98,17,0,0
BRDA:98,17,1,0
BRDA:98,18,0,0
BRDA:98,18,1,0
BRDA:101,19,0,0
BRDA:101,19,1,0
BRDA:101,20,0,0
BRDA:101,20,1,0
BRDA:104,21,0,0
BRDA:104,21,1,0
BRF:60
BRH:0
end_of_record
